[INFO] Disabling enhanced local repository: using legacy is strongly discouraged to ensure build reproducibility.
[INFO] Scanning for projects...
[INFO] 
[INFO] ---------------< org.example.happi.job:BUD_Suivi_Liste >----------------
[INFO] Building HAPPI BUD_Suivi_Liste-0.2.0 (0.2,Jobs) 0.2.0
[INFO] --------------------------------[ jar ]---------------------------------
[WARNING] The POM for org.dom4j:dom4j:jar:2.1.1 is missing, no dependency information available
[WARNING] The POM for org.apache.logging.log4j:log4j-api:jar:2.12.1 is missing, no dependency information available
[WARNING] The POM for org.apache.logging.log4j:log4j-core:jar:2.12.1 is missing, no dependency information available
[WARNING] The POM for org.apache.logging.log4j:log4j-slf4j-impl:jar:2.12.1 is missing, no dependency information available
[WARNING] The POM for org.talend.components.lib:talend-proxy:jar:1.0.0 is missing, no dependency information available
[INFO] 
[INFO] --- maven-resources-plugin:3.0.2:resources (default-resources) @ BUD_Suivi_Liste ---
[WARNING] Using platform encoding (UTF-8 actually) to copy filtered resources, i.e. build is platform dependent!
[INFO] Copying 1 resource
[INFO] 
[INFO] --- maven-compiler-plugin:3.6.1:compile (default-compile) @ BUD_Suivi_Liste ---
[WARNING] The POM for org.eclipse.platform:org.eclipse.osgi:jar:3.13.300 is missing, no dependency information available
[WARNING] The POM for org.apache.commons:commons-exec:jar:1.2 is missing, no dependency information available
[INFO] Not compiling main sources
[INFO] 
[INFO] --- maven-resources-plugin:3.0.2:testResources (default-testResources) @ BUD_Suivi_Liste ---
[INFO] Not copying test resources
[INFO] 
[INFO] --- maven-compiler-plugin:3.6.1:testCompile (default-testCompile) @ BUD_Suivi_Liste ---
[INFO] Not compiling test sources
[INFO] 
[INFO] --- maven-surefire-plugin:2.20:test (default-test) @ BUD_Suivi_Liste ---
[INFO] Tests are skipped.
[INFO] 
[INFO] --- maven-jar-plugin:3.0.2:jar (default-jar) @ BUD_Suivi_Liste ---
[INFO] Building jar: C:\Talend\TOS_DI-Win32-20200219_1130-V7.3.1\workspace\HAPPI\poms\jobs\process\HAPPI\BUD\bud_suivi_liste_0.2\target\bud_suivi_liste_0_2.jar
[INFO] 
[INFO] --- maven-assembly-plugin:3.0.0:single (default) @ BUD_Suivi_Liste ---
[INFO] Reading assembly descriptor: C:\Talend\TOS_DI-Win32-20200219_1130-V7.3.1\workspace\HAPPI\poms\jobs\process\HAPPI\BUD\bud_suivi_liste_0.2/src/main/assemblies/assembly.xml
[WARNING] Missing POM for org.dom4j:dom4j:jar:2.1.1
[WARNING] Missing POM for org.apache.logging.log4j:log4j-api:jar:2.12.1
[WARNING] Missing POM for org.apache.logging.log4j:log4j-core:jar:2.12.1
[WARNING] Missing POM for org.apache.logging.log4j:log4j-slf4j-impl:jar:2.12.1
[WARNING] Missing POM for org.talend.components.lib:talend-proxy:jar:1.0.0
[INFO] Building zip: C:\Talend\TOS_DI-Win32-20200219_1130-V7.3.1\workspace\HAPPI\poms\jobs\process\HAPPI\BUD\bud_suivi_liste_0.2\target\bud_suivi_liste_0_2.zip
[INFO] ------------------------------------------------------------------------
[INFO] BUILD SUCCESS
[INFO] ------------------------------------------------------------------------
[INFO] Total time: 5.610 s
[INFO] Finished at: 2023-09-01T15:29:59+02:00
[INFO] ------------------------------------------------------------------------
