[INFO] Disabling enhanced local repository: using legacy is strongly discouraged to ensure build reproducibility.
[INFO] Scanning for projects...
[INFO] 
[INFO] ---------< org.example.happi.job:HAPPI_Donnees_clefs_Rotation >---------
[INFO] Building HAPPI HAPPI_Donnees_clefs_Rotation-0.1.0 (0.1,Jobs) 0.1.0
[INFO] --------------------------------[ jar ]---------------------------------
[WARNING] The POM for org.dom4j:dom4j:jar:2.1.1 is missing, no dependency information available
[WARNING] The POM for org.apache.logging.log4j:log4j-api:jar:2.12.1 is missing, no dependency information available
[WARNING] The POM for org.apache.logging.log4j:log4j-core:jar:2.12.1 is missing, no dependency information available
[WARNING] The POM for org.apache.logging.log4j:log4j-slf4j-impl:jar:2.12.1 is missing, no dependency information available
[WARNING] The POM for org.talend.components.lib:talend-proxy:jar:1.0.0 is missing, no dependency information available
[INFO] 
[INFO] --- maven-resources-plugin:3.0.2:resources (default-resources) @ HAPPI_Donnees_clefs_Rotation ---
[WARNING] Using platform encoding (UTF-8 actually) to copy filtered resources, i.e. build is platform dependent!
[INFO] Copying 1 resource
[INFO] 
[INFO] --- maven-compiler-plugin:3.6.1:compile (default-compile) @ HAPPI_Donnees_clefs_Rotation ---
[WARNING] The POM for org.eclipse.platform:org.eclipse.osgi:jar:3.13.300 is missing, no dependency information available
[WARNING] The POM for org.apache.commons:commons-exec:jar:1.2 is missing, no dependency information available
[INFO] Not compiling main sources
[INFO] 
[INFO] --- maven-resources-plugin:3.0.2:testResources (default-testResources) @ HAPPI_Donnees_clefs_Rotation ---
[INFO] Not copying test resources
[INFO] 
[INFO] --- maven-compiler-plugin:3.6.1:testCompile (default-testCompile) @ HAPPI_Donnees_clefs_Rotation ---
[INFO] Not compiling test sources
[INFO] 
[INFO] --- maven-surefire-plugin:2.20:test (default-test) @ HAPPI_Donnees_clefs_Rotation ---
[INFO] Tests are skipped.
[INFO] 
[INFO] --- maven-jar-plugin:3.0.2:jar (default-jar) @ HAPPI_Donnees_clefs_Rotation ---
[INFO] Building jar: C:\Talend\TOS_DI-Win32-20200219_1130-V7.3.1\workspace\HAPPI\poms\jobs\process\HAPPI\Pilotage\happi_donnees_clefs_rotation_0.1\target\happi_donnees_clefs_rotation_0_1.jar
[INFO] 
[INFO] --- maven-assembly-plugin:3.0.0:single (default) @ HAPPI_Donnees_clefs_Rotation ---
[INFO] Reading assembly descriptor: C:\Talend\TOS_DI-Win32-20200219_1130-V7.3.1\workspace\HAPPI\poms\jobs\process\HAPPI\Pilotage\happi_donnees_clefs_rotation_0.1/src/main/assemblies/assembly.xml
[WARNING] Missing POM for org.dom4j:dom4j:jar:2.1.1
[WARNING] Missing POM for org.apache.logging.log4j:log4j-api:jar:2.12.1
[WARNING] Missing POM for org.apache.logging.log4j:log4j-core:jar:2.12.1
[WARNING] Missing POM for org.apache.logging.log4j:log4j-slf4j-impl:jar:2.12.1
[WARNING] Missing POM for org.talend.components.lib:talend-proxy:jar:1.0.0
[INFO] Building zip: C:\Talend\TOS_DI-Win32-20200219_1130-V7.3.1\workspace\HAPPI\poms\jobs\process\HAPPI\Pilotage\happi_donnees_clefs_rotation_0.1\target\happi_donnees_clefs_rotation_0_1.zip
[INFO] ------------------------------------------------------------------------
[INFO] BUILD SUCCESS
[INFO] ------------------------------------------------------------------------
[INFO] Total time: 4.594 s
[INFO] Finished at: 2022-09-22T08:06:36+02:00
[INFO] ------------------------------------------------------------------------
