[INFO] Disabling enhanced local repository: using legacy is strongly discouraged to ensure build reproducibility.
[INFO] Scanning for projects...
[INFO] 
[INFO] ------------< org.example.happi.job:DAC_Locataire_entrant >-------------
[INFO] Building HAPPI DAC_Locataire_entrant-0.1.0 (0.1,Jobs) 0.1.0
[INFO] --------------------------------[ jar ]---------------------------------
[WARNING] The POM for org.apache.cxf:cxf-core:jar:3.3.4 is missing, no dependency information available
[WARNING] The POM for org.apache.cxf:cxf-rt-bindings-soap:jar:3.3.4 is missing, no dependency information available
[WARNING] The POM for org.apache.cxf:cxf-rt-databinding-jaxb:jar:3.3.4 is missing, no dependency information available
[WARNING] The POM for org.apache.cxf:cxf-rt-security:jar:3.3.4 is missing, no dependency information available
[WARNING] The POM for org.apache.cxf:cxf-rt-transports-http:jar:3.3.4 is missing, no dependency information available
[WARNING] The POM for org.apache.cxf:cxf-rt-wsdl:jar:3.3.4 is missing, no dependency information available
[WARNING] The POM for org.dom4j:dom4j:jar:2.1.1 is missing, no dependency information available
[WARNING] The POM for javax.ws.rs:javax.ws.rs-api:jar:2.1 is missing, no dependency information available
[WARNING] The POM for org.apache.logging.log4j:log4j-api:jar:2.12.1 is missing, no dependency information available
[WARNING] The POM for org.apache.logging.log4j:log4j-core:jar:2.12.1 is missing, no dependency information available
[WARNING] The POM for org.apache.logging.log4j:log4j-slf4j-impl:jar:2.12.1 is missing, no dependency information available
[WARNING] The POM for org.apache.neethi:neethi:jar:3.1.1 is missing, no dependency information available
[INFO] 
[INFO] --- maven-resources-plugin:3.0.2:resources (default-resources) @ DAC_Locataire_entrant ---
[WARNING] Using platform encoding (UTF-8 actually) to copy filtered resources, i.e. build is platform dependent!
[INFO] Copying 0 resource
[INFO] 
[INFO] --- maven-compiler-plugin:3.6.1:compile (default-compile) @ DAC_Locataire_entrant ---
[WARNING] The POM for org.eclipse.platform:org.eclipse.osgi:jar:3.13.300 is missing, no dependency information available
[WARNING] The POM for org.apache.commons:commons-exec:jar:1.2 is missing, no dependency information available
[INFO] Not compiling main sources
[INFO] 
[INFO] --- maven-resources-plugin:3.0.2:testResources (default-testResources) @ DAC_Locataire_entrant ---
[INFO] Not copying test resources
[INFO] 
[INFO] --- maven-compiler-plugin:3.6.1:testCompile (default-testCompile) @ DAC_Locataire_entrant ---
[INFO] Not compiling test sources
[INFO] 
[INFO] --- maven-surefire-plugin:2.20:test (default-test) @ DAC_Locataire_entrant ---
[INFO] Tests are skipped.
[INFO] 
[INFO] --- maven-jar-plugin:3.0.2:jar (default-jar) @ DAC_Locataire_entrant ---
[INFO] Building jar: C:\Talend\TOS_DI-Win32-20200219_1130-V7.3.1\workspace\HAPPI\poms\jobs\process\Enquete_DAC\dac_locataire_entrant_0.1\target\dac_locataire_entrant_0_1.jar
[INFO] 
[INFO] --- maven-assembly-plugin:3.0.0:single (default) @ DAC_Locataire_entrant ---
[INFO] Reading assembly descriptor: C:\Talend\TOS_DI-Win32-20200219_1130-V7.3.1\workspace\HAPPI\poms\jobs\process\Enquete_DAC\dac_locataire_entrant_0.1/src/main/assemblies/assembly.xml
[WARNING] Missing POM for org.apache.cxf:cxf-core:jar:3.3.4
[WARNING] Missing POM for org.apache.cxf:cxf-rt-bindings-soap:jar:3.3.4
[WARNING] Missing POM for org.apache.cxf:cxf-rt-databinding-jaxb:jar:3.3.4
[WARNING] Missing POM for org.apache.cxf:cxf-rt-security:jar:3.3.4
[WARNING] Missing POM for org.apache.cxf:cxf-rt-transports-http:jar:3.3.4
[WARNING] Missing POM for org.apache.cxf:cxf-rt-wsdl:jar:3.3.4
[WARNING] Missing POM for org.dom4j:dom4j:jar:2.1.1
[WARNING] Missing POM for javax.ws.rs:javax.ws.rs-api:jar:2.1
[WARNING] Missing POM for org.apache.logging.log4j:log4j-api:jar:2.12.1
[WARNING] Missing POM for org.apache.logging.log4j:log4j-core:jar:2.12.1
[WARNING] Missing POM for org.apache.logging.log4j:log4j-slf4j-impl:jar:2.12.1
[WARNING] Missing POM for org.apache.neethi:neethi:jar:3.1.1
[INFO] Building zip: C:\Talend\TOS_DI-Win32-20200219_1130-V7.3.1\workspace\HAPPI\poms\jobs\process\Enquete_DAC\dac_locataire_entrant_0.1\target\dac_locataire_entrant_0_1.zip
[INFO] ------------------------------------------------------------------------
[INFO] BUILD SUCCESS
[INFO] ------------------------------------------------------------------------
[INFO] Total time: 4.344 s
[INFO] Finished at: 2021-03-30T10:54:12+02:00
[INFO] ------------------------------------------------------------------------
